<?xml version="1.0" encoding="utf-8" standalone="no"?>
<!--This file represents the results of running a test suite-->
<test-results name="C:\Projects\addcontactsfrommail\addcontactsfrommail\addcontactsfrommail.csproj" total="9" errors="0" failures="0" not-run="0" inconclusive="0" ignored="0" skipped="0" invalid="0" date="2011-11-12" time="16:23:56">
  <environment nunit-version="2.5.10.11092" clr-version="2.0.50727.5448" os-version="Microsoft Windows NT 6.1.7601 Service Pack 1" platform="Win32NT" cwd="C:\Projects\addcontactsfrommail\addcontactsfrommail" machine-name="SERVER" user="Marek" user-domain="SERVER" />
  <culture-info current-culture="pl-PL" current-uiculture="pl-PL" />
  <test-suite type="Project" name="C:\Projects\addcontactsfrommail\addcontactsfrommail\addcontactsfrommail.csproj" executed="True" result="Success" success="True" time="2.379" asserts="0">
    <results>
      <test-suite type="Assembly" name="C:\Projects\addcontactsfrommail\addcontactsfrommail\bin\Debug\addcontactsfrommail.exe" executed="True" result="Success" success="True" time="2.346" asserts="0">
        <results>
          <test-suite type="Namespace" name="addcontactsfrommail" executed="True" result="Success" success="True" time="2.346" asserts="0">
            <results>
              <test-suite type="TestFixture" name="TestNUnit" executed="True" result="Success" success="True" time="2.341" asserts="1">
                <results>
                  <test-case name="addcontactsfrommail.TestNUnit.AddItemsToListResult" executed="True" result="Success" success="True" time="0.078" asserts="1" />
                  <test-case name="addcontactsfrommail.TestNUnit.ClearListResult" executed="True" result="Success" success="True" time="0.009" asserts="1" />
                  <test-case name="addcontactsfrommail.TestNUnit.DisplayFolderInboxMailInfo" executed="True" result="Success" success="True" time="0.109" asserts="4" />
                  <test-case name="addcontactsfrommail.TestNUnit.DisplayFolderSentMailInfo" executed="True" result="Success" success="True" time="0.042" asserts="4" />
                  <test-case name="addcontactsfrommail.TestNUnit.GetFirstContactInfoForFirstMailInboxMail" executed="True" result="Success" success="True" time="0.096" asserts="6" />
                  <test-case name="addcontactsfrommail.TestNUnit.GetFirstContactInfoForFirstMailSenderMail" executed="True" result="Success" success="True" time="0.054" asserts="6" />
                  <test-case name="addcontactsfrommail.TestNUnit.InitializeOutlook" executed="True" result="Success" success="True" time="0.012" asserts="2" />
                  <test-case name="addcontactsfrommail.TestNUnit.ReadRecursiveFullNameFolders" executed="True" result="Success" success="True" time="0.196" asserts="6" />
                  <test-case name="addcontactsfrommail.TestNUnit.RenameContactsName" executed="True" result="Success" success="True" time="0.012" asserts="8" />
                </results>
              </test-suite>
            </results>
          </test-suite>
        </results>
      </test-suite>
    </results>
  </test-suite>
</test-results>